[2025-05-23T07:49:04.156+0000] {local_task_job_runner.py:123} INFO - ::group::Pre task execution logs
[2025-05-23T07:49:04.167+0000] {taskinstance.py:2603} INFO - Dependencies all met for dep_context=non-requeueable deps ti=<TaskInstance: x_videos_scraper_dag.get_links_task manual__2025-05-23T07:49:03.089692+00:00 [queued]>
[2025-05-23T07:49:04.172+0000] {taskinstance.py:2603} INFO - Dependencies all met for dep_context=requeueable deps ti=<TaskInstance: x_videos_scraper_dag.get_links_task manual__2025-05-23T07:49:03.089692+00:00 [queued]>
[2025-05-23T07:49:04.172+0000] {taskinstance.py:2856} INFO - Starting attempt 1 of 1
[2025-05-23T07:49:04.180+0000] {taskinstance.py:2879} INFO - Executing <Task(PythonOperator): get_links_task> on 2025-05-23 07:49:03.089692+00:00
[2025-05-23T07:49:04.183+0000] {standard_task_runner.py:72} INFO - Started process 67 to run task
[2025-05-23T07:49:04.186+0000] {standard_task_runner.py:104} INFO - Running: ['airflow', 'tasks', 'run', 'x_videos_scraper_dag', 'get_links_task', 'manual__2025-05-23T07:49:03.089692+00:00', '--job-id', '6598', '--raw', '--subdir', 'DAGS_FOLDER/pipeline_x.py', '--cfg-path', '/tmp/tmpqb9tn8b3']
[2025-05-23T07:49:04.188+0000] {standard_task_runner.py:105} INFO - Job 6598: Subtask get_links_task
[2025-05-23T07:49:04.226+0000] {task_command.py:467} INFO - Running <TaskInstance: x_videos_scraper_dag.get_links_task manual__2025-05-23T07:49:03.089692+00:00 [running]> on host 440532fb7fb0
[2025-05-23T07:49:04.288+0000] {taskinstance.py:3122} INFO - Exporting env vars: AIRFLOW_CTX_DAG_OWNER='airflow' AIRFLOW_CTX_DAG_ID='x_videos_scraper_dag' AIRFLOW_CTX_TASK_ID='get_links_task' AIRFLOW_CTX_EXECUTION_DATE='2025-05-23T07:49:03.089692+00:00' AIRFLOW_CTX_TRY_NUMBER='1' AIRFLOW_CTX_DAG_RUN_ID='manual__2025-05-23T07:49:03.089692+00:00'
[2025-05-23T07:49:04.289+0000] {taskinstance.py:731} INFO - ::endgroup::
[2025-05-23T07:49:12.753+0000] {logging_mixin.py:190} INFO - Scrolling down... 0
[2025-05-23T07:49:17.940+0000] {logging_mixin.py:190} INFO - https://x.com/ManUtd/status/1925251151848771938/video/1
[2025-05-23T07:49:17.956+0000] {logging_mixin.py:190} INFO - https://x.com/ManUtd/status/1925228260117426432/video/1
[2025-05-23T07:49:17.960+0000] {logging_mixin.py:190} INFO - https://x.com/ManUtd/status/1925224362329677876/video/1
[2025-05-23T07:49:17.966+0000] {logging_mixin.py:190} INFO - https://x.com/ManUtd/status/1925207989285220682/video/1
[2025-05-23T07:49:17.992+0000] {logging_mixin.py:190} INFO - https://x.com/ManUtd/status/1925086909589528946/video/1
[2025-05-23T07:49:18.021+0000] {logging_mixin.py:190} INFO - https://x.com/ManUtd/status/1924901688986497308/video/1
[2025-05-23T07:49:18.027+0000] {logging_mixin.py:190} INFO - https://x.com/ManUtd/status/1924881924297834732/video/1
[2025-05-23T07:49:18.172+0000] {taskinstance.py:3301} ERROR - Task failed with exception
Traceback (most recent call last):
  File "/home/airflow/.local/lib/python3.10/site-packages/airflow/models/taskinstance.py", line 767, in _execute_task
    result = _execute_callable(context=context, **execute_callable_kwargs)
  File "/home/airflow/.local/lib/python3.10/site-packages/airflow/models/taskinstance.py", line 733, in _execute_callable
    return ExecutionCallableRunner(
  File "/home/airflow/.local/lib/python3.10/site-packages/airflow/utils/operator_helpers.py", line 252, in run
    return self.func(*args, **kwargs)
  File "/home/airflow/.local/lib/python3.10/site-packages/airflow/models/baseoperator.py", line 406, in wrapper
    return func(self, *args, **kwargs)
  File "/home/airflow/.local/lib/python3.10/site-packages/airflow/operators/python.py", line 238, in execute
    return_value = self.execute_callable()
  File "/home/airflow/.local/lib/python3.10/site-packages/airflow/operators/python.py", line 256, in execute_callable
    return runner.run(*self.op_args, **self.op_kwargs)
  File "/home/airflow/.local/lib/python3.10/site-packages/airflow/utils/operator_helpers.py", line 252, in run
    return self.func(*args, **kwargs)
  File "/opt/airflow/dags/pipeline_x.py", line 30, in run_x_videos_scraper
    return x_videos_scraper(
  File "/opt/airflow/dags/tasks/x_videos_scraper.py", line 50, in x_videos_scraper
    results = get_info_by_user_id(platform="x", user_id=id)
TypeError: get_info_by_user_id() missing 1 required positional argument: 'db'
[2025-05-23T07:49:18.179+0000] {taskinstance.py:1225} INFO - Marking task as FAILED. dag_id=x_videos_scraper_dag, task_id=get_links_task, run_id=manual__2025-05-23T07:49:03.089692+00:00, execution_date=20250523T074903, start_date=20250523T074904, end_date=20250523T074918
[2025-05-23T07:49:18.195+0000] {taskinstance.py:340} INFO - ::group::Post task execution logs
[2025-05-23T07:49:18.195+0000] {standard_task_runner.py:124} ERROR - Failed to execute job 6598 for task get_links_task (get_info_by_user_id() missing 1 required positional argument: 'db'; 67)
Traceback (most recent call last):
  File "/home/airflow/.local/lib/python3.10/site-packages/airflow/task/task_runner/standard_task_runner.py", line 117, in _start_by_fork
    ret = args.func(args, dag=self.dag)
  File "/home/airflow/.local/lib/python3.10/site-packages/airflow/cli/cli_config.py", line 49, in command
    return func(*args, **kwargs)
  File "/home/airflow/.local/lib/python3.10/site-packages/airflow/utils/cli.py", line 115, in wrapper
    return f(*args, **kwargs)
  File "/home/airflow/.local/lib/python3.10/site-packages/airflow/cli/commands/task_command.py", line 483, in task_run
    task_return_code = _run_task_by_selected_method(args, _dag, ti)
  File "/home/airflow/.local/lib/python3.10/site-packages/airflow/cli/commands/task_command.py", line 256, in _run_task_by_selected_method
    return _run_raw_task(args, ti)
  File "/home/airflow/.local/lib/python3.10/site-packages/airflow/cli/commands/task_command.py", line 341, in _run_raw_task
    return ti._run_raw_task(
  File "/home/airflow/.local/lib/python3.10/site-packages/airflow/utils/session.py", line 97, in wrapper
    return func(*args, session=session, **kwargs)
  File "/home/airflow/.local/lib/python3.10/site-packages/airflow/models/taskinstance.py", line 2995, in _run_raw_task
    return _run_raw_task(
  File "/home/airflow/.local/lib/python3.10/site-packages/airflow/models/taskinstance.py", line 273, in _run_raw_task
    TaskInstance._execute_task_with_callbacks(
  File "/home/airflow/.local/lib/python3.10/site-packages/airflow/models/taskinstance.py", line 3149, in _execute_task_with_callbacks
    result = self._execute_task(context, task_orig)
  File "/home/airflow/.local/lib/python3.10/site-packages/airflow/models/taskinstance.py", line 3173, in _execute_task
    return _execute_task(self, context, task_orig)
  File "/home/airflow/.local/lib/python3.10/site-packages/airflow/models/taskinstance.py", line 767, in _execute_task
    result = _execute_callable(context=context, **execute_callable_kwargs)
  File "/home/airflow/.local/lib/python3.10/site-packages/airflow/models/taskinstance.py", line 733, in _execute_callable
    return ExecutionCallableRunner(
  File "/home/airflow/.local/lib/python3.10/site-packages/airflow/utils/operator_helpers.py", line 252, in run
    return self.func(*args, **kwargs)
  File "/home/airflow/.local/lib/python3.10/site-packages/airflow/models/baseoperator.py", line 406, in wrapper
    return func(self, *args, **kwargs)
  File "/home/airflow/.local/lib/python3.10/site-packages/airflow/operators/python.py", line 238, in execute
    return_value = self.execute_callable()
  File "/home/airflow/.local/lib/python3.10/site-packages/airflow/operators/python.py", line 256, in execute_callable
    return runner.run(*self.op_args, **self.op_kwargs)
  File "/home/airflow/.local/lib/python3.10/site-packages/airflow/utils/operator_helpers.py", line 252, in run
    return self.func(*args, **kwargs)
  File "/opt/airflow/dags/pipeline_x.py", line 30, in run_x_videos_scraper
    return x_videos_scraper(
  File "/opt/airflow/dags/tasks/x_videos_scraper.py", line 50, in x_videos_scraper
    results = get_info_by_user_id(platform="x", user_id=id)
TypeError: get_info_by_user_id() missing 1 required positional argument: 'db'
[2025-05-23T07:49:18.230+0000] {local_task_job_runner.py:261} INFO - Task exited with return code 1
[2025-05-23T07:49:18.246+0000] {taskinstance.py:3891} INFO - 0 downstream tasks scheduled from follow-on schedule check
[2025-05-23T07:49:18.251+0000] {local_task_job_runner.py:240} INFO - ::endgroup::
