[2025-05-06T04:16:55.987+0000] {local_task_job_runner.py:123} INFO - ::group::Pre task execution logs
[2025-05-06T04:16:56.000+0000] {taskinstance.py:2603} INFO - Dependencies all met for dep_context=non-requeueable deps ti=<TaskInstance: tiktok_videos_scraper_dag.virtualenv_python manual__2025-05-06T04:16:55.601650+00:00 [queued]>
[2025-05-06T04:16:56.007+0000] {taskinstance.py:2603} INFO - Dependencies all met for dep_context=requeueable deps ti=<TaskInstance: tiktok_videos_scraper_dag.virtualenv_python manual__2025-05-06T04:16:55.601650+00:00 [queued]>
[2025-05-06T04:16:56.008+0000] {taskinstance.py:2856} INFO - Starting attempt 1 of 1
[2025-05-06T04:16:56.017+0000] {taskinstance.py:2879} INFO - Executing <Task(_PythonVirtualenvDecoratedOperator): virtualenv_python> on 2025-05-06 04:16:55.601650+00:00
[2025-05-06T04:16:56.021+0000] {standard_task_runner.py:72} INFO - Started process 1124 to run task
[2025-05-06T04:16:56.025+0000] {standard_task_runner.py:104} INFO - Running: ['airflow', 'tasks', 'run', 'tiktok_videos_scraper_dag', 'virtualenv_python', 'manual__2025-05-06T04:16:55.601650+00:00', '--job-id', '4518', '--raw', '--subdir', 'DAGS_FOLDER/pipeline.py', '--cfg-path', '/tmp/tmp_ro7hqb1']
[2025-05-06T04:16:56.025+0000] {standard_task_runner.py:105} INFO - Job 4518: Subtask virtualenv_python
[2025-05-06T04:16:56.067+0000] {task_command.py:467} INFO - Running <TaskInstance: tiktok_videos_scraper_dag.virtualenv_python manual__2025-05-06T04:16:55.601650+00:00 [running]> on host 2c7afa36055b
[2025-05-06T04:16:56.125+0000] {taskinstance.py:3122} INFO - Exporting env vars: AIRFLOW_CTX_DAG_OWNER='airflow' AIRFLOW_CTX_DAG_ID='tiktok_videos_scraper_dag' AIRFLOW_CTX_TASK_ID='virtualenv_python' AIRFLOW_CTX_EXECUTION_DATE='2025-05-06T04:16:55.601650+00:00' AIRFLOW_CTX_TRY_NUMBER='1' AIRFLOW_CTX_DAG_RUN_ID='manual__2025-05-06T04:16:55.601650+00:00'
[2025-05-06T04:16:56.126+0000] {taskinstance.py:731} INFO - ::endgroup::
[2025-05-06T04:16:56.129+0000] {process_utils.py:186} INFO - Executing cmd: /home/airflow/.local/bin/python -m virtualenv /tmp/venvnp39ql0h --python=python
[2025-05-06T04:16:56.130+0000] {process_utils.py:190} INFO - Output:
[2025-05-06T04:16:56.974+0000] {process_utils.py:194} INFO - created virtual environment CPython3.10.14.final.0-64 in 304ms
[2025-05-06T04:16:56.975+0000] {process_utils.py:194} INFO -   creator CPython3Posix(dest=/tmp/venvnp39ql0h, clear=False, no_vcs_ignore=False, global=False)
[2025-05-06T04:16:56.975+0000] {process_utils.py:194} INFO -   seeder FromAppData(download=False, pip=bundle, setuptools=bundle, wheel=bundle, via=copy, app_data_dir=/home/airflow/.local/share/virtualenv)
[2025-05-06T04:16:56.975+0000] {process_utils.py:194} INFO -     added seed packages: pip==25.0.1, setuptools==78.1.1, wheel==0.45.1
[2025-05-06T04:16:56.976+0000] {process_utils.py:194} INFO -   activators BashActivator,CShellActivator,FishActivator,NushellActivator,PowerShellActivator,PythonActivator
[2025-05-06T04:16:57.009+0000] {process_utils.py:186} INFO - Executing cmd: /tmp/venvnp39ql0h/bin/pip install -r /tmp/venvnp39ql0h/requirements.txt
[2025-05-06T04:16:57.010+0000] {process_utils.py:190} INFO - Output:
[2025-05-06T04:16:58.064+0000] {process_utils.py:194} INFO - Collecting TikTokApi==7.1.0 (from -r /tmp/venvnp39ql0h/requirements.txt (line 1))
[2025-05-06T04:16:58.066+0000] {process_utils.py:194} INFO -   Using cached tiktokapi-7.1.0-py3-none-any.whl.metadata (9.7 kB)
[2025-05-06T04:16:58.158+0000] {process_utils.py:194} INFO - Collecting requests (from TikTokApi==7.1.0->-r /tmp/venvnp39ql0h/requirements.txt (line 1))
[2025-05-06T04:16:58.160+0000] {process_utils.py:194} INFO -   Using cached requests-2.32.3-py3-none-any.whl.metadata (4.6 kB)
[2025-05-06T04:16:58.248+0000] {process_utils.py:194} INFO - Collecting playwright (from TikTokApi==7.1.0->-r /tmp/venvnp39ql0h/requirements.txt (line 1))
[2025-05-06T04:16:58.250+0000] {process_utils.py:194} INFO -   Using cached playwright-1.52.0-py3-none-manylinux1_x86_64.whl.metadata (3.5 kB)
[2025-05-06T04:16:58.335+0000] {process_utils.py:194} INFO - Collecting httpx (from TikTokApi==7.1.0->-r /tmp/venvnp39ql0h/requirements.txt (line 1))
[2025-05-06T04:16:58.336+0000] {process_utils.py:194} INFO -   Using cached httpx-0.28.1-py3-none-any.whl.metadata (7.1 kB)
[2025-05-06T04:16:58.415+0000] {process_utils.py:194} INFO - Collecting anyio (from httpx->TikTokApi==7.1.0->-r /tmp/venvnp39ql0h/requirements.txt (line 1))
[2025-05-06T04:16:58.417+0000] {process_utils.py:194} INFO -   Using cached anyio-4.9.0-py3-none-any.whl.metadata (4.7 kB)
[2025-05-06T04:16:58.496+0000] {process_utils.py:194} INFO - Collecting certifi (from httpx->TikTokApi==7.1.0->-r /tmp/venvnp39ql0h/requirements.txt (line 1))
[2025-05-06T04:16:58.498+0000] {process_utils.py:194} INFO -   Using cached certifi-2025.4.26-py3-none-any.whl.metadata (2.5 kB)
[2025-05-06T04:16:58.575+0000] {process_utils.py:194} INFO - Collecting httpcore==1.* (from httpx->TikTokApi==7.1.0->-r /tmp/venvnp39ql0h/requirements.txt (line 1))
[2025-05-06T04:16:58.577+0000] {process_utils.py:194} INFO -   Using cached httpcore-1.0.9-py3-none-any.whl.metadata (21 kB)
[2025-05-06T04:16:58.653+0000] {process_utils.py:194} INFO - Collecting idna (from httpx->TikTokApi==7.1.0->-r /tmp/venvnp39ql0h/requirements.txt (line 1))
[2025-05-06T04:16:58.654+0000] {process_utils.py:194} INFO -   Using cached idna-3.10-py3-none-any.whl.metadata (10 kB)
[2025-05-06T04:16:58.730+0000] {process_utils.py:194} INFO - Collecting h11>=0.16 (from httpcore==1.*->httpx->TikTokApi==7.1.0->-r /tmp/venvnp39ql0h/requirements.txt (line 1))
[2025-05-06T04:16:58.731+0000] {process_utils.py:194} INFO -   Using cached h11-0.16.0-py3-none-any.whl.metadata (8.3 kB)
[2025-05-06T04:16:58.811+0000] {process_utils.py:194} INFO - Collecting pyee<14,>=13 (from playwright->TikTokApi==7.1.0->-r /tmp/venvnp39ql0h/requirements.txt (line 1))
[2025-05-06T04:16:58.813+0000] {process_utils.py:194} INFO -   Using cached pyee-13.0.0-py3-none-any.whl.metadata (2.9 kB)
[2025-05-06T04:16:58.947+0000] {process_utils.py:194} INFO - Collecting greenlet<4.0.0,>=3.1.1 (from playwright->TikTokApi==7.1.0->-r /tmp/venvnp39ql0h/requirements.txt (line 1))
[2025-05-06T04:16:58.949+0000] {process_utils.py:194} INFO -   Using cached greenlet-3.2.1-cp310-cp310-manylinux_2_24_x86_64.manylinux_2_28_x86_64.whl.metadata (4.1 kB)
[2025-05-06T04:16:59.057+0000] {process_utils.py:194} INFO - Collecting charset-normalizer<4,>=2 (from requests->TikTokApi==7.1.0->-r /tmp/venvnp39ql0h/requirements.txt (line 1))
[2025-05-06T04:16:59.059+0000] {process_utils.py:194} INFO -   Using cached charset_normalizer-3.4.2-cp310-cp310-manylinux_2_17_x86_64.manylinux2014_x86_64.whl.metadata (35 kB)
[2025-05-06T04:16:59.150+0000] {process_utils.py:194} INFO - Collecting urllib3<3,>=1.21.1 (from requests->TikTokApi==7.1.0->-r /tmp/venvnp39ql0h/requirements.txt (line 1))
[2025-05-06T04:16:59.152+0000] {process_utils.py:194} INFO -   Using cached urllib3-2.4.0-py3-none-any.whl.metadata (6.5 kB)
[2025-05-06T04:16:59.242+0000] {process_utils.py:194} INFO - Collecting typing-extensions (from pyee<14,>=13->playwright->TikTokApi==7.1.0->-r /tmp/venvnp39ql0h/requirements.txt (line 1))
[2025-05-06T04:16:59.244+0000] {process_utils.py:194} INFO -   Using cached typing_extensions-4.13.2-py3-none-any.whl.metadata (3.0 kB)
[2025-05-06T04:16:59.327+0000] {process_utils.py:194} INFO - Collecting exceptiongroup>=1.0.2 (from anyio->httpx->TikTokApi==7.1.0->-r /tmp/venvnp39ql0h/requirements.txt (line 1))
[2025-05-06T04:16:59.328+0000] {process_utils.py:194} INFO -   Using cached exceptiongroup-1.2.2-py3-none-any.whl.metadata (6.6 kB)
[2025-05-06T04:16:59.405+0000] {process_utils.py:194} INFO - Collecting sniffio>=1.1 (from anyio->httpx->TikTokApi==7.1.0->-r /tmp/venvnp39ql0h/requirements.txt (line 1))
[2025-05-06T04:16:59.407+0000] {process_utils.py:194} INFO -   Using cached sniffio-1.3.1-py3-none-any.whl.metadata (3.9 kB)
[2025-05-06T04:16:59.413+0000] {process_utils.py:194} INFO - Using cached tiktokapi-7.1.0-py3-none-any.whl (55 kB)
[2025-05-06T04:16:59.414+0000] {process_utils.py:194} INFO - Using cached httpx-0.28.1-py3-none-any.whl (73 kB)
[2025-05-06T04:16:59.416+0000] {process_utils.py:194} INFO - Using cached httpcore-1.0.9-py3-none-any.whl (78 kB)
[2025-05-06T04:16:59.417+0000] {process_utils.py:194} INFO - Using cached playwright-1.52.0-py3-none-manylinux1_x86_64.whl (45.1 MB)
[2025-05-06T04:16:59.455+0000] {process_utils.py:194} INFO - Using cached requests-2.32.3-py3-none-any.whl (64 kB)
[2025-05-06T04:16:59.456+0000] {process_utils.py:194} INFO - Using cached certifi-2025.4.26-py3-none-any.whl (159 kB)
[2025-05-06T04:16:59.458+0000] {process_utils.py:194} INFO - Using cached charset_normalizer-3.4.2-cp310-cp310-manylinux_2_17_x86_64.manylinux2014_x86_64.whl (149 kB)
[2025-05-06T04:16:59.459+0000] {process_utils.py:194} INFO - Using cached greenlet-3.2.1-cp310-cp310-manylinux_2_24_x86_64.manylinux_2_28_x86_64.whl (580 kB)
[2025-05-06T04:16:59.460+0000] {process_utils.py:194} INFO - Using cached idna-3.10-py3-none-any.whl (70 kB)
[2025-05-06T04:16:59.461+0000] {process_utils.py:194} INFO - Using cached pyee-13.0.0-py3-none-any.whl (15 kB)
[2025-05-06T04:16:59.461+0000] {process_utils.py:194} INFO - Using cached urllib3-2.4.0-py3-none-any.whl (128 kB)
[2025-05-06T04:16:59.462+0000] {process_utils.py:194} INFO - Using cached anyio-4.9.0-py3-none-any.whl (100 kB)
[2025-05-06T04:16:59.463+0000] {process_utils.py:194} INFO - Using cached exceptiongroup-1.2.2-py3-none-any.whl (16 kB)
[2025-05-06T04:16:59.464+0000] {process_utils.py:194} INFO - Using cached h11-0.16.0-py3-none-any.whl (37 kB)
[2025-05-06T04:16:59.465+0000] {process_utils.py:194} INFO - Using cached sniffio-1.3.1-py3-none-any.whl (10 kB)
[2025-05-06T04:16:59.466+0000] {process_utils.py:194} INFO - Using cached typing_extensions-4.13.2-py3-none-any.whl (45 kB)
[2025-05-06T04:16:59.532+0000] {process_utils.py:194} INFO - Installing collected packages: urllib3, typing-extensions, sniffio, idna, h11, greenlet, exceptiongroup, charset-normalizer, certifi, requests, pyee, httpcore, anyio, playwright, httpx, TikTokApi
[2025-05-06T04:17:00.690+0000] {process_utils.py:194} INFO - Successfully installed TikTokApi-7.1.0 anyio-4.9.0 certifi-2025.4.26 charset-normalizer-3.4.2 exceptiongroup-1.2.2 greenlet-3.2.1 h11-0.16.0 httpcore-1.0.9 httpx-0.28.1 idna-3.10 playwright-1.52.0 pyee-13.0.0 requests-2.32.3 sniffio-1.3.1 typing-extensions-4.13.2 urllib3-2.4.0
[2025-05-06T04:17:00.956+0000] {process_utils.py:194} INFO - 
[2025-05-06T04:17:00.956+0000] {process_utils.py:194} INFO - [notice] A new release of pip is available: 25.0.1 -> 25.1.1
[2025-05-06T04:17:00.957+0000] {process_utils.py:194} INFO - [notice] To update, run: python -m pip install --upgrade pip
[2025-05-06T04:17:01.029+0000] {python.py:513} INFO - Use 'pickle' as serializer.
[2025-05-06T04:17:01.036+0000] {process_utils.py:186} INFO - Executing cmd: /tmp/venvnp39ql0h/bin/python /tmp/venv-callo__s60xy/script.py /tmp/venv-callo__s60xy/script.in /tmp/venv-callo__s60xy/script.out /tmp/venv-callo__s60xy/string_args.txt /tmp/venv-callo__s60xy/termination.log
[2025-05-06T04:17:01.037+0000] {process_utils.py:190} INFO - Output:
[2025-05-06T04:17:01.446+0000] {process_utils.py:194} INFO - Traceback (most recent call last):
[2025-05-06T04:17:01.447+0000] {process_utils.py:194} INFO -   File "/tmp/venv-callo__s60xy/script.py", line 64, in <module>
[2025-05-06T04:17:01.447+0000] {process_utils.py:194} INFO -     res = tiktok_videos_scraper(*arg_dict["args"], **arg_dict["kwargs"])
[2025-05-06T04:17:01.447+0000] {process_utils.py:194} INFO -   File "/tmp/venv-callo__s60xy/script.py", line 24, in tiktok_videos_scraper
[2025-05-06T04:17:01.447+0000] {process_utils.py:194} INFO -     from ...config import Config
[2025-05-06T04:17:01.447+0000] {process_utils.py:194} INFO - ImportError: attempted relative import with no known parent package
[2025-05-06T04:17:01.534+0000] {taskinstance.py:3301} ERROR - Task failed with exception
Traceback (most recent call last):
  File "/home/airflow/.local/lib/python3.10/site-packages/airflow/models/taskinstance.py", line 767, in _execute_task
    result = _execute_callable(context=context, **execute_callable_kwargs)
  File "/home/airflow/.local/lib/python3.10/site-packages/airflow/models/taskinstance.py", line 733, in _execute_callable
    return ExecutionCallableRunner(
  File "/home/airflow/.local/lib/python3.10/site-packages/airflow/utils/operator_helpers.py", line 252, in run
    return self.func(*args, **kwargs)
  File "/home/airflow/.local/lib/python3.10/site-packages/airflow/models/baseoperator.py", line 406, in wrapper
    return func(self, *args, **kwargs)
  File "/home/airflow/.local/lib/python3.10/site-packages/airflow/decorators/base.py", line 266, in execute
    return_value = super().execute(context)
  File "/home/airflow/.local/lib/python3.10/site-packages/airflow/models/baseoperator.py", line 406, in wrapper
    return func(self, *args, **kwargs)
  File "/home/airflow/.local/lib/python3.10/site-packages/airflow/operators/python.py", line 505, in execute
    return super().execute(context=serializable_context)
  File "/home/airflow/.local/lib/python3.10/site-packages/airflow/models/baseoperator.py", line 406, in wrapper
    return func(self, *args, **kwargs)
  File "/home/airflow/.local/lib/python3.10/site-packages/airflow/operators/python.py", line 238, in execute
    return_value = self.execute_callable()
  File "/home/airflow/.local/lib/python3.10/site-packages/airflow/operators/python.py", line 870, in execute_callable
    result = self._execute_python_callable_in_subprocess(python_path)
  File "/home/airflow/.local/lib/python3.10/site-packages/airflow/operators/python.py", line 588, in _execute_python_callable_in_subprocess
    raise AirflowException(error_msg) from None
airflow.exceptions.AirflowException: Process returned non-zero exit status 1.
attempted relative import with no known parent package
[2025-05-06T04:17:01.540+0000] {taskinstance.py:1225} INFO - Marking task as FAILED. dag_id=tiktok_videos_scraper_dag, task_id=virtualenv_python, run_id=manual__2025-05-06T04:16:55.601650+00:00, execution_date=20250506T041655, start_date=20250506T041656, end_date=20250506T041701
[2025-05-06T04:17:01.549+0000] {taskinstance.py:340} INFO - ::group::Post task execution logs
[2025-05-06T04:17:01.549+0000] {standard_task_runner.py:124} ERROR - Failed to execute job 4518 for task virtualenv_python (Process returned non-zero exit status 1.
attempted relative import with no known parent package; 1124)
Traceback (most recent call last):
  File "/home/airflow/.local/lib/python3.10/site-packages/airflow/task/task_runner/standard_task_runner.py", line 117, in _start_by_fork
    ret = args.func(args, dag=self.dag)
  File "/home/airflow/.local/lib/python3.10/site-packages/airflow/cli/cli_config.py", line 49, in command
    return func(*args, **kwargs)
  File "/home/airflow/.local/lib/python3.10/site-packages/airflow/utils/cli.py", line 115, in wrapper
    return f(*args, **kwargs)
  File "/home/airflow/.local/lib/python3.10/site-packages/airflow/cli/commands/task_command.py", line 483, in task_run
    task_return_code = _run_task_by_selected_method(args, _dag, ti)
  File "/home/airflow/.local/lib/python3.10/site-packages/airflow/cli/commands/task_command.py", line 256, in _run_task_by_selected_method
    return _run_raw_task(args, ti)
  File "/home/airflow/.local/lib/python3.10/site-packages/airflow/cli/commands/task_command.py", line 341, in _run_raw_task
    return ti._run_raw_task(
  File "/home/airflow/.local/lib/python3.10/site-packages/airflow/utils/session.py", line 97, in wrapper
    return func(*args, session=session, **kwargs)
  File "/home/airflow/.local/lib/python3.10/site-packages/airflow/models/taskinstance.py", line 2995, in _run_raw_task
    return _run_raw_task(
  File "/home/airflow/.local/lib/python3.10/site-packages/airflow/models/taskinstance.py", line 273, in _run_raw_task
    TaskInstance._execute_task_with_callbacks(
  File "/home/airflow/.local/lib/python3.10/site-packages/airflow/models/taskinstance.py", line 3149, in _execute_task_with_callbacks
    result = self._execute_task(context, task_orig)
  File "/home/airflow/.local/lib/python3.10/site-packages/airflow/models/taskinstance.py", line 3173, in _execute_task
    return _execute_task(self, context, task_orig)
  File "/home/airflow/.local/lib/python3.10/site-packages/airflow/models/taskinstance.py", line 767, in _execute_task
    result = _execute_callable(context=context, **execute_callable_kwargs)
  File "/home/airflow/.local/lib/python3.10/site-packages/airflow/models/taskinstance.py", line 733, in _execute_callable
    return ExecutionCallableRunner(
  File "/home/airflow/.local/lib/python3.10/site-packages/airflow/utils/operator_helpers.py", line 252, in run
    return self.func(*args, **kwargs)
  File "/home/airflow/.local/lib/python3.10/site-packages/airflow/models/baseoperator.py", line 406, in wrapper
    return func(self, *args, **kwargs)
  File "/home/airflow/.local/lib/python3.10/site-packages/airflow/decorators/base.py", line 266, in execute
    return_value = super().execute(context)
  File "/home/airflow/.local/lib/python3.10/site-packages/airflow/models/baseoperator.py", line 406, in wrapper
    return func(self, *args, **kwargs)
  File "/home/airflow/.local/lib/python3.10/site-packages/airflow/operators/python.py", line 505, in execute
    return super().execute(context=serializable_context)
  File "/home/airflow/.local/lib/python3.10/site-packages/airflow/models/baseoperator.py", line 406, in wrapper
    return func(self, *args, **kwargs)
  File "/home/airflow/.local/lib/python3.10/site-packages/airflow/operators/python.py", line 238, in execute
    return_value = self.execute_callable()
  File "/home/airflow/.local/lib/python3.10/site-packages/airflow/operators/python.py", line 870, in execute_callable
    result = self._execute_python_callable_in_subprocess(python_path)
  File "/home/airflow/.local/lib/python3.10/site-packages/airflow/operators/python.py", line 588, in _execute_python_callable_in_subprocess
    raise AirflowException(error_msg) from None
airflow.exceptions.AirflowException: Process returned non-zero exit status 1.
attempted relative import with no known parent package
[2025-05-06T04:17:01.556+0000] {local_task_job_runner.py:261} INFO - Task exited with return code 1
[2025-05-06T04:17:01.568+0000] {taskinstance.py:3891} INFO - 0 downstream tasks scheduled from follow-on schedule check
[2025-05-06T04:17:01.570+0000] {local_task_job_runner.py:240} INFO - ::endgroup::
