[2025-04-29T03:18:12.231+0000] {local_task_job_runner.py:123} INFO - ::group::Pre task execution logs
[2025-04-29T03:18:12.245+0000] {taskinstance.py:2603} INFO - Dependencies all met for dep_context=non-requeueable deps ti=<TaskInstance: example_python_decorator.external_python manual__2025-04-29T03:18:11.623567+00:00 [queued]>
[2025-04-29T03:18:12.250+0000] {taskinstance.py:2603} INFO - Dependencies all met for dep_context=requeueable deps ti=<TaskInstance: example_python_decorator.external_python manual__2025-04-29T03:18:11.623567+00:00 [queued]>
[2025-04-29T03:18:12.251+0000] {taskinstance.py:2856} INFO - Starting attempt 1 of 1
[2025-04-29T03:18:12.259+0000] {taskinstance.py:2879} INFO - Executing <Task(_PythonExternalDecoratedOperator): external_python> on 2025-04-29 03:18:11.623567+00:00
[2025-04-29T03:18:12.262+0000] {standard_task_runner.py:72} INFO - Started process 9084 to run task
[2025-04-29T03:18:12.266+0000] {standard_task_runner.py:104} INFO - Running: ['airflow', 'tasks', 'run', 'example_python_decorator', 'external_python', 'manual__2025-04-29T03:18:11.623567+00:00', '--job-id', '2446', '--raw', '--subdir', 'DAGS_FOLDER/tuts/example_python_decorator.py', '--cfg-path', '/tmp/tmp5cnc13qo']
[2025-04-29T03:18:12.267+0000] {standard_task_runner.py:105} INFO - Job 2446: Subtask external_python
[2025-04-29T03:18:12.308+0000] {task_command.py:467} INFO - Running <TaskInstance: example_python_decorator.external_python manual__2025-04-29T03:18:11.623567+00:00 [running]> on host 2c7afa36055b
[2025-04-29T03:18:12.366+0000] {taskinstance.py:3122} INFO - Exporting env vars: AIRFLOW_CTX_DAG_OWNER='airflow' AIRFLOW_CTX_DAG_ID='example_python_decorator' AIRFLOW_CTX_TASK_ID='external_python' AIRFLOW_CTX_EXECUTION_DATE='2025-04-29T03:18:11.623567+00:00' AIRFLOW_CTX_TRY_NUMBER='1' AIRFLOW_CTX_DAG_RUN_ID='manual__2025-04-29T03:18:11.623567+00:00'
[2025-04-29T03:18:12.367+0000] {taskinstance.py:731} INFO - ::endgroup::
[2025-04-29T03:18:12.370+0000] {python.py:1091} WARNING - When checking for Airflow installed in virtual environment got [Errno 2] No such file or directory: '/home/docon/.pyenv/versions/3.11.8/bin/python'
[2025-04-29T03:18:12.371+0000] {python.py:1092} WARNING - This means that Airflow is not properly installed by /home/docon/.pyenv/versions/3.11.8/bin/python. Airflow context keys will not be available. Please Install Airflow 2.10.0 in your environment to access them.
[2025-04-29T03:18:12.373+0000] {taskinstance.py:3301} ERROR - Task failed with exception
Traceback (most recent call last):
  File "/home/airflow/.local/lib/python3.10/site-packages/airflow/models/taskinstance.py", line 767, in _execute_task
    result = _execute_callable(context=context, **execute_callable_kwargs)
  File "/home/airflow/.local/lib/python3.10/site-packages/airflow/models/taskinstance.py", line 733, in _execute_callable
    return ExecutionCallableRunner(
  File "/home/airflow/.local/lib/python3.10/site-packages/airflow/utils/operator_helpers.py", line 252, in run
    return self.func(*args, **kwargs)
  File "/home/airflow/.local/lib/python3.10/site-packages/airflow/models/baseoperator.py", line 406, in wrapper
    return func(self, *args, **kwargs)
  File "/home/airflow/.local/lib/python3.10/site-packages/airflow/decorators/base.py", line 266, in execute
    return_value = super().execute(context)
  File "/home/airflow/.local/lib/python3.10/site-packages/airflow/models/baseoperator.py", line 406, in wrapper
    return func(self, *args, **kwargs)
  File "/home/airflow/.local/lib/python3.10/site-packages/airflow/operators/python.py", line 505, in execute
    return super().execute(context=serializable_context)
  File "/home/airflow/.local/lib/python3.10/site-packages/airflow/models/baseoperator.py", line 406, in wrapper
    return func(self, *args, **kwargs)
  File "/home/airflow/.local/lib/python3.10/site-packages/airflow/operators/python.py", line 238, in execute
    return_value = self.execute_callable()
  File "/home/airflow/.local/lib/python3.10/site-packages/airflow/operators/python.py", line 1011, in execute_callable
    raise ValueError(f"Python Path '{python_path}' must exists")
ValueError: Python Path '/home/docon/.pyenv/versions/3.11.8/bin/python' must exists
[2025-04-29T03:18:12.383+0000] {taskinstance.py:1225} INFO - Marking task as FAILED. dag_id=example_python_decorator, task_id=external_python, run_id=manual__2025-04-29T03:18:11.623567+00:00, execution_date=20250429T031811, start_date=20250429T031812, end_date=20250429T031812
[2025-04-29T03:18:12.393+0000] {taskinstance.py:340} INFO - ::group::Post task execution logs
[2025-04-29T03:18:12.393+0000] {standard_task_runner.py:124} ERROR - Failed to execute job 2446 for task external_python (Python Path '/home/docon/.pyenv/versions/3.11.8/bin/python' must exists; 9084)
Traceback (most recent call last):
  File "/home/airflow/.local/lib/python3.10/site-packages/airflow/task/task_runner/standard_task_runner.py", line 117, in _start_by_fork
    ret = args.func(args, dag=self.dag)
  File "/home/airflow/.local/lib/python3.10/site-packages/airflow/cli/cli_config.py", line 49, in command
    return func(*args, **kwargs)
  File "/home/airflow/.local/lib/python3.10/site-packages/airflow/utils/cli.py", line 115, in wrapper
    return f(*args, **kwargs)
  File "/home/airflow/.local/lib/python3.10/site-packages/airflow/cli/commands/task_command.py", line 483, in task_run
    task_return_code = _run_task_by_selected_method(args, _dag, ti)
  File "/home/airflow/.local/lib/python3.10/site-packages/airflow/cli/commands/task_command.py", line 256, in _run_task_by_selected_method
    return _run_raw_task(args, ti)
  File "/home/airflow/.local/lib/python3.10/site-packages/airflow/cli/commands/task_command.py", line 341, in _run_raw_task
    return ti._run_raw_task(
  File "/home/airflow/.local/lib/python3.10/site-packages/airflow/utils/session.py", line 97, in wrapper
    return func(*args, session=session, **kwargs)
  File "/home/airflow/.local/lib/python3.10/site-packages/airflow/models/taskinstance.py", line 2995, in _run_raw_task
    return _run_raw_task(
  File "/home/airflow/.local/lib/python3.10/site-packages/airflow/models/taskinstance.py", line 273, in _run_raw_task
    TaskInstance._execute_task_with_callbacks(
  File "/home/airflow/.local/lib/python3.10/site-packages/airflow/models/taskinstance.py", line 3149, in _execute_task_with_callbacks
    result = self._execute_task(context, task_orig)
  File "/home/airflow/.local/lib/python3.10/site-packages/airflow/models/taskinstance.py", line 3173, in _execute_task
    return _execute_task(self, context, task_orig)
  File "/home/airflow/.local/lib/python3.10/site-packages/airflow/models/taskinstance.py", line 767, in _execute_task
    result = _execute_callable(context=context, **execute_callable_kwargs)
  File "/home/airflow/.local/lib/python3.10/site-packages/airflow/models/taskinstance.py", line 733, in _execute_callable
    return ExecutionCallableRunner(
  File "/home/airflow/.local/lib/python3.10/site-packages/airflow/utils/operator_helpers.py", line 252, in run
    return self.func(*args, **kwargs)
  File "/home/airflow/.local/lib/python3.10/site-packages/airflow/models/baseoperator.py", line 406, in wrapper
    return func(self, *args, **kwargs)
  File "/home/airflow/.local/lib/python3.10/site-packages/airflow/decorators/base.py", line 266, in execute
    return_value = super().execute(context)
  File "/home/airflow/.local/lib/python3.10/site-packages/airflow/models/baseoperator.py", line 406, in wrapper
    return func(self, *args, **kwargs)
  File "/home/airflow/.local/lib/python3.10/site-packages/airflow/operators/python.py", line 505, in execute
    return super().execute(context=serializable_context)
  File "/home/airflow/.local/lib/python3.10/site-packages/airflow/models/baseoperator.py", line 406, in wrapper
    return func(self, *args, **kwargs)
  File "/home/airflow/.local/lib/python3.10/site-packages/airflow/operators/python.py", line 238, in execute
    return_value = self.execute_callable()
  File "/home/airflow/.local/lib/python3.10/site-packages/airflow/operators/python.py", line 1011, in execute_callable
    raise ValueError(f"Python Path '{python_path}' must exists")
ValueError: Python Path '/home/docon/.pyenv/versions/3.11.8/bin/python' must exists
[2025-04-29T03:18:12.403+0000] {local_task_job_runner.py:261} INFO - Task exited with return code 1
[2025-04-29T03:18:12.415+0000] {taskinstance.py:3891} INFO - 0 downstream tasks scheduled from follow-on schedule check
[2025-04-29T03:18:12.418+0000] {local_task_job_runner.py:240} INFO - ::endgroup::
