[2025-05-08T03:06:03.946+0000] {local_task_job_runner.py:123} INFO - ::group::Pre task execution logs
[2025-05-08T03:06:03.957+0000] {taskinstance.py:2603} INFO - Dependencies all met for dep_context=non-requeueable deps ti=<TaskInstance: instagram_videos_scraper_dag.ins_videos_scraper manual__2025-05-08T03:05:56.993619+00:00 [queued]>
[2025-05-08T03:06:03.962+0000] {taskinstance.py:2603} INFO - Dependencies all met for dep_context=requeueable deps ti=<TaskInstance: instagram_videos_scraper_dag.ins_videos_scraper manual__2025-05-08T03:05:56.993619+00:00 [queued]>
[2025-05-08T03:06:03.962+0000] {taskinstance.py:2856} INFO - Starting attempt 1 of 1
[2025-05-08T03:06:03.970+0000] {taskinstance.py:2879} INFO - Executing <Task(_PythonDecoratedOperator): ins_videos_scraper> on 2025-05-08 03:05:56.993619+00:00
[2025-05-08T03:06:03.973+0000] {standard_task_runner.py:72} INFO - Started process 2097 to run task
[2025-05-08T03:06:03.975+0000] {standard_task_runner.py:104} INFO - Running: ['airflow', 'tasks', 'run', 'instagram_videos_scraper_dag', 'ins_videos_scraper', 'manual__2025-05-08T03:05:56.993619+00:00', '--job-id', '4921', '--raw', '--subdir', 'DAGS_FOLDER/pipeline.py', '--cfg-path', '/tmp/tmpqzv3cuxa']
[2025-05-08T03:06:03.977+0000] {standard_task_runner.py:105} INFO - Job 4921: Subtask ins_videos_scraper
[2025-05-08T03:06:04.009+0000] {task_command.py:467} INFO - Running <TaskInstance: instagram_videos_scraper_dag.ins_videos_scraper manual__2025-05-08T03:05:56.993619+00:00 [running]> on host 83f5c4ce7f9b
[2025-05-08T03:06:04.064+0000] {taskinstance.py:3122} INFO - Exporting env vars: AIRFLOW_CTX_DAG_OWNER='airflow' AIRFLOW_CTX_DAG_ID='instagram_videos_scraper_dag' AIRFLOW_CTX_TASK_ID='ins_videos_scraper' AIRFLOW_CTX_EXECUTION_DATE='2025-05-08T03:05:56.993619+00:00' AIRFLOW_CTX_TRY_NUMBER='1' AIRFLOW_CTX_DAG_RUN_ID='manual__2025-05-08T03:05:56.993619+00:00'
[2025-05-08T03:06:04.065+0000] {taskinstance.py:731} INFO - ::endgroup::
[2025-05-08T03:06:04.100+0000] {selenium_manager.py:133} WARNING - The chromedriver version (136.0.7103.59) detected in PATH at /usr/bin/chromedriver might not be compatible with the detected chrome version (136.0.7103.92); currently, chromedriver 136.0.7103.92 is recommended for chrome 136.*, so it is advised to delete the driver in PATH and retry
[2025-05-08T03:10:38.025+0000] {taskinstance.py:3301} ERROR - Task failed with exception
Traceback (most recent call last):
  File "/home/airflow/.local/lib/python3.10/site-packages/airflow/models/taskinstance.py", line 767, in _execute_task
    result = _execute_callable(context=context, **execute_callable_kwargs)
  File "/home/airflow/.local/lib/python3.10/site-packages/airflow/models/taskinstance.py", line 733, in _execute_callable
    return ExecutionCallableRunner(
  File "/home/airflow/.local/lib/python3.10/site-packages/airflow/utils/operator_helpers.py", line 252, in run
    return self.func(*args, **kwargs)
  File "/home/airflow/.local/lib/python3.10/site-packages/airflow/models/baseoperator.py", line 406, in wrapper
    return func(self, *args, **kwargs)
  File "/home/airflow/.local/lib/python3.10/site-packages/airflow/decorators/base.py", line 266, in execute
    return_value = super().execute(context)
  File "/home/airflow/.local/lib/python3.10/site-packages/airflow/models/baseoperator.py", line 406, in wrapper
    return func(self, *args, **kwargs)
  File "/home/airflow/.local/lib/python3.10/site-packages/airflow/operators/python.py", line 238, in execute
    return_value = self.execute_callable()
  File "/home/airflow/.local/lib/python3.10/site-packages/airflow/operators/python.py", line 256, in execute_callable
    return runner.run(*self.op_args, **self.op_kwargs)
  File "/home/airflow/.local/lib/python3.10/site-packages/airflow/utils/operator_helpers.py", line 252, in run
    return self.func(*args, **kwargs)
  File "/opt/airflow/dags/tasks/insta_scraper.py", line 17, in ins_videos_scraper
    scraper = ProfileScraper(id)
  File "/opt/airflow/dags/utils/instagram_profile.py", line 16, in __init__
    super().__init__(
  File "/opt/airflow/dags/utils/instagram_base.py", line 26, in __init__
    self._driver.get(self._base_url)
  File "/home/airflow/.local/lib/python3.10/site-packages/selenium/webdriver/remote/webdriver.py", line 354, in get
    self.execute(Command.GET, {"url": url})
  File "/home/airflow/.local/lib/python3.10/site-packages/selenium/webdriver/remote/webdriver.py", line 345, in execute
    self.error_handler.check_response(response)
  File "/home/airflow/.local/lib/python3.10/site-packages/selenium/webdriver/remote/errorhandler.py", line 229, in check_response
    raise exception_class(message, screen, stacktrace)
selenium.common.exceptions.TimeoutException: Message: timeout: Timed out receiving message from renderer: 300.000
  (Session info: chrome=136.0.7103.92)
Stacktrace:
#0 0x563bd9374a8e <unknown>
#1 0x563bd8e31b0b <unknown>
#2 0x563bd8e1d306 <unknown>
#3 0x563bd8e1d0bc <unknown>
#4 0x563bd8e1b608 <unknown>
#5 0x563bd8e1bab9 <unknown>
#6 0x563bd8e29160 <unknown>
#7 0x563bd8e3f4ff <unknown>
#8 0x563bd8e44a4b <unknown>
#9 0x563bd8e1c02d <unknown>
#10 0x563bd8e3f2f7 <unknown>
#11 0x563bd8ec6cf7 <unknown>
#12 0x563bd8ea59b3 <unknown>
#13 0x563bd8e6fc59 <unknown>
#14 0x563bd8e70a08 <unknown>
#15 0x563bd934140a <unknown>
#16 0x563bd934485e <unknown>
#17 0x563bd9344308 <unknown>
#18 0x563bd9344ce5 <unknown>
#19 0x563bd932ab7b <unknown>
#20 0x563bd9345050 <unknown>
#21 0x563bd9313ae9 <unknown>
#22 0x563bd9363df5 <unknown>
#23 0x563bd9363fdb <unknown>
#24 0x563bd9373c05 <unknown>
#25 0x7efd4d12c134 <unknown>

[2025-05-08T03:10:38.035+0000] {taskinstance.py:1225} INFO - Marking task as FAILED. dag_id=instagram_videos_scraper_dag, task_id=ins_videos_scraper, run_id=manual__2025-05-08T03:05:56.993619+00:00, execution_date=20250508T030556, start_date=20250508T030603, end_date=20250508T031038
[2025-05-08T03:10:38.046+0000] {taskinstance.py:340} INFO - ::group::Post task execution logs
[2025-05-08T03:10:38.046+0000] {standard_task_runner.py:124} ERROR - Failed to execute job 4921 for task ins_videos_scraper (Message: timeout: Timed out receiving message from renderer: 300.000
  (Session info: chrome=136.0.7103.92)
Stacktrace:
#0 0x563bd9374a8e <unknown>
#1 0x563bd8e31b0b <unknown>
#2 0x563bd8e1d306 <unknown>
#3 0x563bd8e1d0bc <unknown>
#4 0x563bd8e1b608 <unknown>
#5 0x563bd8e1bab9 <unknown>
#6 0x563bd8e29160 <unknown>
#7 0x563bd8e3f4ff <unknown>
#8 0x563bd8e44a4b <unknown>
#9 0x563bd8e1c02d <unknown>
#10 0x563bd8e3f2f7 <unknown>
#11 0x563bd8ec6cf7 <unknown>
#12 0x563bd8ea59b3 <unknown>
#13 0x563bd8e6fc59 <unknown>
#14 0x563bd8e70a08 <unknown>
#15 0x563bd934140a <unknown>
#16 0x563bd934485e <unknown>
#17 0x563bd9344308 <unknown>
#18 0x563bd9344ce5 <unknown>
#19 0x563bd932ab7b <unknown>
#20 0x563bd9345050 <unknown>
#21 0x563bd9313ae9 <unknown>
#22 0x563bd9363df5 <unknown>
#23 0x563bd9363fdb <unknown>
#24 0x563bd9373c05 <unknown>
#25 0x7efd4d12c134 <unknown>
; 2097)
Traceback (most recent call last):
  File "/home/airflow/.local/lib/python3.10/site-packages/airflow/task/task_runner/standard_task_runner.py", line 117, in _start_by_fork
    ret = args.func(args, dag=self.dag)
  File "/home/airflow/.local/lib/python3.10/site-packages/airflow/cli/cli_config.py", line 49, in command
    return func(*args, **kwargs)
  File "/home/airflow/.local/lib/python3.10/site-packages/airflow/utils/cli.py", line 115, in wrapper
    return f(*args, **kwargs)
  File "/home/airflow/.local/lib/python3.10/site-packages/airflow/cli/commands/task_command.py", line 483, in task_run
    task_return_code = _run_task_by_selected_method(args, _dag, ti)
  File "/home/airflow/.local/lib/python3.10/site-packages/airflow/cli/commands/task_command.py", line 256, in _run_task_by_selected_method
    return _run_raw_task(args, ti)
  File "/home/airflow/.local/lib/python3.10/site-packages/airflow/cli/commands/task_command.py", line 341, in _run_raw_task
    return ti._run_raw_task(
  File "/home/airflow/.local/lib/python3.10/site-packages/airflow/utils/session.py", line 97, in wrapper
    return func(*args, session=session, **kwargs)
  File "/home/airflow/.local/lib/python3.10/site-packages/airflow/models/taskinstance.py", line 2995, in _run_raw_task
    return _run_raw_task(
  File "/home/airflow/.local/lib/python3.10/site-packages/airflow/models/taskinstance.py", line 273, in _run_raw_task
    TaskInstance._execute_task_with_callbacks(
  File "/home/airflow/.local/lib/python3.10/site-packages/airflow/models/taskinstance.py", line 3149, in _execute_task_with_callbacks
    result = self._execute_task(context, task_orig)
  File "/home/airflow/.local/lib/python3.10/site-packages/airflow/models/taskinstance.py", line 3173, in _execute_task
    return _execute_task(self, context, task_orig)
  File "/home/airflow/.local/lib/python3.10/site-packages/airflow/models/taskinstance.py", line 767, in _execute_task
    result = _execute_callable(context=context, **execute_callable_kwargs)
  File "/home/airflow/.local/lib/python3.10/site-packages/airflow/models/taskinstance.py", line 733, in _execute_callable
    return ExecutionCallableRunner(
  File "/home/airflow/.local/lib/python3.10/site-packages/airflow/utils/operator_helpers.py", line 252, in run
    return self.func(*args, **kwargs)
  File "/home/airflow/.local/lib/python3.10/site-packages/airflow/models/baseoperator.py", line 406, in wrapper
    return func(self, *args, **kwargs)
  File "/home/airflow/.local/lib/python3.10/site-packages/airflow/decorators/base.py", line 266, in execute
    return_value = super().execute(context)
  File "/home/airflow/.local/lib/python3.10/site-packages/airflow/models/baseoperator.py", line 406, in wrapper
    return func(self, *args, **kwargs)
  File "/home/airflow/.local/lib/python3.10/site-packages/airflow/operators/python.py", line 238, in execute
    return_value = self.execute_callable()
  File "/home/airflow/.local/lib/python3.10/site-packages/airflow/operators/python.py", line 256, in execute_callable
    return runner.run(*self.op_args, **self.op_kwargs)
  File "/home/airflow/.local/lib/python3.10/site-packages/airflow/utils/operator_helpers.py", line 252, in run
    return self.func(*args, **kwargs)
  File "/opt/airflow/dags/tasks/insta_scraper.py", line 17, in ins_videos_scraper
    scraper = ProfileScraper(id)
  File "/opt/airflow/dags/utils/instagram_profile.py", line 16, in __init__
    super().__init__(
  File "/opt/airflow/dags/utils/instagram_base.py", line 26, in __init__
    self._driver.get(self._base_url)
  File "/home/airflow/.local/lib/python3.10/site-packages/selenium/webdriver/remote/webdriver.py", line 354, in get
    self.execute(Command.GET, {"url": url})
  File "/home/airflow/.local/lib/python3.10/site-packages/selenium/webdriver/remote/webdriver.py", line 345, in execute
    self.error_handler.check_response(response)
  File "/home/airflow/.local/lib/python3.10/site-packages/selenium/webdriver/remote/errorhandler.py", line 229, in check_response
    raise exception_class(message, screen, stacktrace)
selenium.common.exceptions.TimeoutException: Message: timeout: Timed out receiving message from renderer: 300.000
  (Session info: chrome=136.0.7103.92)
Stacktrace:
#0 0x563bd9374a8e <unknown>
#1 0x563bd8e31b0b <unknown>
#2 0x563bd8e1d306 <unknown>
#3 0x563bd8e1d0bc <unknown>
#4 0x563bd8e1b608 <unknown>
#5 0x563bd8e1bab9 <unknown>
#6 0x563bd8e29160 <unknown>
#7 0x563bd8e3f4ff <unknown>
#8 0x563bd8e44a4b <unknown>
#9 0x563bd8e1c02d <unknown>
#10 0x563bd8e3f2f7 <unknown>
#11 0x563bd8ec6cf7 <unknown>
#12 0x563bd8ea59b3 <unknown>
#13 0x563bd8e6fc59 <unknown>
#14 0x563bd8e70a08 <unknown>
#15 0x563bd934140a <unknown>
#16 0x563bd934485e <unknown>
#17 0x563bd9344308 <unknown>
#18 0x563bd9344ce5 <unknown>
#19 0x563bd932ab7b <unknown>
#20 0x563bd9345050 <unknown>
#21 0x563bd9313ae9 <unknown>
#22 0x563bd9363df5 <unknown>
#23 0x563bd9363fdb <unknown>
#24 0x563bd9373c05 <unknown>
#25 0x7efd4d12c134 <unknown>

[2025-05-08T03:10:38.086+0000] {local_task_job_runner.py:261} INFO - Task exited with return code 1
[2025-05-08T03:10:38.098+0000] {taskinstance.py:3891} INFO - 0 downstream tasks scheduled from follow-on schedule check
[2025-05-08T03:10:38.101+0000] {local_task_job_runner.py:240} INFO - ::endgroup::
