[2025-05-06T04:54:30.351+0000] {local_task_job_runner.py:123} INFO - ::group::Pre task execution logs
[2025-05-06T04:54:30.363+0000] {taskinstance.py:2603} INFO - Dependencies all met for dep_context=non-requeueable deps ti=<TaskInstance: tiktok_videos_scraper_dag.virtualenv_python manual__2025-05-06T04:54:29.192903+00:00 [queued]>
[2025-05-06T04:54:30.368+0000] {taskinstance.py:2603} INFO - Dependencies all met for dep_context=requeueable deps ti=<TaskInstance: tiktok_videos_scraper_dag.virtualenv_python manual__2025-05-06T04:54:29.192903+00:00 [queued]>
[2025-05-06T04:54:30.368+0000] {taskinstance.py:2856} INFO - Starting attempt 1 of 1
[2025-05-06T04:54:30.376+0000] {taskinstance.py:2879} INFO - Executing <Task(_PythonVirtualenvDecoratedOperator): virtualenv_python> on 2025-05-06 04:54:29.192903+00:00
[2025-05-06T04:54:30.379+0000] {standard_task_runner.py:72} INFO - Started process 1839 to run task
[2025-05-06T04:54:30.382+0000] {standard_task_runner.py:104} INFO - Running: ['airflow', 'tasks', 'run', 'tiktok_videos_scraper_dag', 'virtualenv_python', 'manual__2025-05-06T04:54:29.192903+00:00', '--job-id', '4523', '--raw', '--subdir', 'DAGS_FOLDER/pipeline.py', '--cfg-path', '/tmp/tmpztef9in3']
[2025-05-06T04:54:30.383+0000] {standard_task_runner.py:105} INFO - Job 4523: Subtask virtualenv_python
[2025-05-06T04:54:30.420+0000] {task_command.py:467} INFO - Running <TaskInstance: tiktok_videos_scraper_dag.virtualenv_python manual__2025-05-06T04:54:29.192903+00:00 [running]> on host 2c7afa36055b
[2025-05-06T04:54:30.472+0000] {taskinstance.py:3122} INFO - Exporting env vars: AIRFLOW_CTX_DAG_OWNER='airflow' AIRFLOW_CTX_DAG_ID='tiktok_videos_scraper_dag' AIRFLOW_CTX_TASK_ID='virtualenv_python' AIRFLOW_CTX_EXECUTION_DATE='2025-05-06T04:54:29.192903+00:00' AIRFLOW_CTX_TRY_NUMBER='1' AIRFLOW_CTX_DAG_RUN_ID='manual__2025-05-06T04:54:29.192903+00:00'
[2025-05-06T04:54:30.473+0000] {taskinstance.py:731} INFO - ::endgroup::
[2025-05-06T04:54:30.475+0000] {process_utils.py:186} INFO - Executing cmd: /home/airflow/.local/bin/python -m virtualenv /tmp/venvkeka871o --python=python
[2025-05-06T04:54:30.476+0000] {process_utils.py:190} INFO - Output:
[2025-05-06T04:54:31.228+0000] {process_utils.py:194} INFO - created virtual environment CPython3.10.14.final.0-64 in 262ms
[2025-05-06T04:54:31.228+0000] {process_utils.py:194} INFO -   creator CPython3Posix(dest=/tmp/venvkeka871o, clear=False, no_vcs_ignore=False, global=False)
[2025-05-06T04:54:31.228+0000] {process_utils.py:194} INFO -   seeder FromAppData(download=False, pip=bundle, setuptools=bundle, wheel=bundle, via=copy, app_data_dir=/home/airflow/.local/share/virtualenv)
[2025-05-06T04:54:31.228+0000] {process_utils.py:194} INFO -     added seed packages: pip==25.0.1, setuptools==78.1.1, wheel==0.45.1
[2025-05-06T04:54:31.229+0000] {process_utils.py:194} INFO -   activators BashActivator,CShellActivator,FishActivator,NushellActivator,PowerShellActivator,PythonActivator
[2025-05-06T04:54:31.259+0000] {process_utils.py:186} INFO - Executing cmd: /tmp/venvkeka871o/bin/pip install -r /tmp/venvkeka871o/requirements.txt
[2025-05-06T04:54:31.260+0000] {process_utils.py:190} INFO - Output:
[2025-05-06T04:54:32.376+0000] {process_utils.py:194} INFO - Collecting TikTokApi==7.1.0 (from -r /tmp/venvkeka871o/requirements.txt (line 1))
[2025-05-06T04:54:32.378+0000] {process_utils.py:194} INFO -   Using cached tiktokapi-7.1.0-py3-none-any.whl.metadata (9.7 kB)
[2025-05-06T04:54:32.467+0000] {process_utils.py:194} INFO - Collecting playwright<2.0,>=1.50.0 (from -r /tmp/venvkeka871o/requirements.txt (line 2))
[2025-05-06T04:54:32.470+0000] {process_utils.py:194} INFO -   Using cached playwright-1.52.0-py3-none-manylinux1_x86_64.whl.metadata (3.5 kB)
[2025-05-06T04:54:32.553+0000] {process_utils.py:194} INFO - Collecting requests (from TikTokApi==7.1.0->-r /tmp/venvkeka871o/requirements.txt (line 1))
[2025-05-06T04:54:32.555+0000] {process_utils.py:194} INFO -   Using cached requests-2.32.3-py3-none-any.whl.metadata (4.6 kB)
[2025-05-06T04:54:32.633+0000] {process_utils.py:194} INFO - Collecting httpx (from TikTokApi==7.1.0->-r /tmp/venvkeka871o/requirements.txt (line 1))
[2025-05-06T04:54:32.635+0000] {process_utils.py:194} INFO -   Using cached httpx-0.28.1-py3-none-any.whl.metadata (7.1 kB)
[2025-05-06T04:54:32.713+0000] {process_utils.py:194} INFO - Collecting pyee<14,>=13 (from playwright<2.0,>=1.50.0->-r /tmp/venvkeka871o/requirements.txt (line 2))
[2025-05-06T04:54:32.716+0000] {process_utils.py:194} INFO -   Using cached pyee-13.0.0-py3-none-any.whl.metadata (2.9 kB)
[2025-05-06T04:54:32.848+0000] {process_utils.py:194} INFO - Collecting greenlet<4.0.0,>=3.1.1 (from playwright<2.0,>=1.50.0->-r /tmp/venvkeka871o/requirements.txt (line 2))
[2025-05-06T04:54:32.852+0000] {process_utils.py:194} INFO -   Using cached greenlet-3.2.1-cp310-cp310-manylinux_2_24_x86_64.manylinux_2_28_x86_64.whl.metadata (4.1 kB)
[2025-05-06T04:54:32.928+0000] {process_utils.py:194} INFO - Collecting typing-extensions (from pyee<14,>=13->playwright<2.0,>=1.50.0->-r /tmp/venvkeka871o/requirements.txt (line 2))
[2025-05-06T04:54:32.931+0000] {process_utils.py:194} INFO -   Using cached typing_extensions-4.13.2-py3-none-any.whl.metadata (3.0 kB)
[2025-05-06T04:54:33.007+0000] {process_utils.py:194} INFO - Collecting anyio (from httpx->TikTokApi==7.1.0->-r /tmp/venvkeka871o/requirements.txt (line 1))
[2025-05-06T04:54:33.009+0000] {process_utils.py:194} INFO -   Using cached anyio-4.9.0-py3-none-any.whl.metadata (4.7 kB)
[2025-05-06T04:54:33.086+0000] {process_utils.py:194} INFO - Collecting certifi (from httpx->TikTokApi==7.1.0->-r /tmp/venvkeka871o/requirements.txt (line 1))
[2025-05-06T04:54:33.088+0000] {process_utils.py:194} INFO -   Using cached certifi-2025.4.26-py3-none-any.whl.metadata (2.5 kB)
[2025-05-06T04:54:33.166+0000] {process_utils.py:194} INFO - Collecting httpcore==1.* (from httpx->TikTokApi==7.1.0->-r /tmp/venvkeka871o/requirements.txt (line 1))
[2025-05-06T04:54:33.168+0000] {process_utils.py:194} INFO -   Using cached httpcore-1.0.9-py3-none-any.whl.metadata (21 kB)
[2025-05-06T04:54:33.241+0000] {process_utils.py:194} INFO - Collecting idna (from httpx->TikTokApi==7.1.0->-r /tmp/venvkeka871o/requirements.txt (line 1))
[2025-05-06T04:54:33.244+0000] {process_utils.py:194} INFO -   Using cached idna-3.10-py3-none-any.whl.metadata (10 kB)
[2025-05-06T04:54:33.321+0000] {process_utils.py:194} INFO - Collecting h11>=0.16 (from httpcore==1.*->httpx->TikTokApi==7.1.0->-r /tmp/venvkeka871o/requirements.txt (line 1))
[2025-05-06T04:54:33.323+0000] {process_utils.py:194} INFO -   Using cached h11-0.16.0-py3-none-any.whl.metadata (8.3 kB)
[2025-05-06T04:54:33.431+0000] {process_utils.py:194} INFO - Collecting charset-normalizer<4,>=2 (from requests->TikTokApi==7.1.0->-r /tmp/venvkeka871o/requirements.txt (line 1))
[2025-05-06T04:54:33.435+0000] {process_utils.py:194} INFO -   Using cached charset_normalizer-3.4.2-cp310-cp310-manylinux_2_17_x86_64.manylinux2014_x86_64.whl.metadata (35 kB)
[2025-05-06T04:54:33.517+0000] {process_utils.py:194} INFO - Collecting urllib3<3,>=1.21.1 (from requests->TikTokApi==7.1.0->-r /tmp/venvkeka871o/requirements.txt (line 1))
[2025-05-06T04:54:33.520+0000] {process_utils.py:194} INFO -   Using cached urllib3-2.4.0-py3-none-any.whl.metadata (6.5 kB)
[2025-05-06T04:54:33.598+0000] {process_utils.py:194} INFO - Collecting exceptiongroup>=1.0.2 (from anyio->httpx->TikTokApi==7.1.0->-r /tmp/venvkeka871o/requirements.txt (line 1))
[2025-05-06T04:54:33.600+0000] {process_utils.py:194} INFO -   Using cached exceptiongroup-1.2.2-py3-none-any.whl.metadata (6.6 kB)
[2025-05-06T04:54:33.675+0000] {process_utils.py:194} INFO - Collecting sniffio>=1.1 (from anyio->httpx->TikTokApi==7.1.0->-r /tmp/venvkeka871o/requirements.txt (line 1))
[2025-05-06T04:54:33.677+0000] {process_utils.py:194} INFO -   Using cached sniffio-1.3.1-py3-none-any.whl.metadata (3.9 kB)
[2025-05-06T04:54:33.684+0000] {process_utils.py:194} INFO - Using cached tiktokapi-7.1.0-py3-none-any.whl (55 kB)
[2025-05-06T04:54:33.685+0000] {process_utils.py:194} INFO - Using cached playwright-1.52.0-py3-none-manylinux1_x86_64.whl (45.1 MB)
[2025-05-06T04:54:33.797+0000] {process_utils.py:194} INFO - Using cached greenlet-3.2.1-cp310-cp310-manylinux_2_24_x86_64.manylinux_2_28_x86_64.whl (580 kB)
[2025-05-06T04:54:33.801+0000] {process_utils.py:194} INFO - Using cached pyee-13.0.0-py3-none-any.whl (15 kB)
[2025-05-06T04:54:33.803+0000] {process_utils.py:194} INFO - Using cached httpx-0.28.1-py3-none-any.whl (73 kB)
[2025-05-06T04:54:33.806+0000] {process_utils.py:194} INFO - Using cached httpcore-1.0.9-py3-none-any.whl (78 kB)
[2025-05-06T04:54:33.807+0000] {process_utils.py:194} INFO - Using cached requests-2.32.3-py3-none-any.whl (64 kB)
[2025-05-06T04:54:33.809+0000] {process_utils.py:194} INFO - Using cached certifi-2025.4.26-py3-none-any.whl (159 kB)
[2025-05-06T04:54:33.811+0000] {process_utils.py:194} INFO - Using cached charset_normalizer-3.4.2-cp310-cp310-manylinux_2_17_x86_64.manylinux2014_x86_64.whl (149 kB)
[2025-05-06T04:54:33.813+0000] {process_utils.py:194} INFO - Using cached idna-3.10-py3-none-any.whl (70 kB)
[2025-05-06T04:54:33.815+0000] {process_utils.py:194} INFO - Using cached urllib3-2.4.0-py3-none-any.whl (128 kB)
[2025-05-06T04:54:33.817+0000] {process_utils.py:194} INFO - Using cached anyio-4.9.0-py3-none-any.whl (100 kB)
[2025-05-06T04:54:33.818+0000] {process_utils.py:194} INFO - Using cached typing_extensions-4.13.2-py3-none-any.whl (45 kB)
[2025-05-06T04:54:33.820+0000] {process_utils.py:194} INFO - Using cached exceptiongroup-1.2.2-py3-none-any.whl (16 kB)
[2025-05-06T04:54:33.821+0000] {process_utils.py:194} INFO - Using cached h11-0.16.0-py3-none-any.whl (37 kB)
[2025-05-06T04:54:33.823+0000] {process_utils.py:194} INFO - Using cached sniffio-1.3.1-py3-none-any.whl (10 kB)
[2025-05-06T04:54:33.893+0000] {process_utils.py:194} INFO - Installing collected packages: urllib3, typing-extensions, sniffio, idna, h11, greenlet, exceptiongroup, charset-normalizer, certifi, requests, pyee, httpcore, anyio, playwright, httpx, TikTokApi
[2025-05-06T04:54:34.971+0000] {process_utils.py:194} INFO - Successfully installed TikTokApi-7.1.0 anyio-4.9.0 certifi-2025.4.26 charset-normalizer-3.4.2 exceptiongroup-1.2.2 greenlet-3.2.1 h11-0.16.0 httpcore-1.0.9 httpx-0.28.1 idna-3.10 playwright-1.52.0 pyee-13.0.0 requests-2.32.3 sniffio-1.3.1 typing-extensions-4.13.2 urllib3-2.4.0
[2025-05-06T04:54:35.249+0000] {process_utils.py:194} INFO - 
[2025-05-06T04:54:35.250+0000] {process_utils.py:194} INFO - [notice] A new release of pip is available: 25.0.1 -> 25.1.1
[2025-05-06T04:54:35.250+0000] {process_utils.py:194} INFO - [notice] To update, run: python -m pip install --upgrade pip
[2025-05-06T04:54:35.304+0000] {python.py:513} INFO - Use 'pickle' as serializer.
[2025-05-06T04:54:35.310+0000] {process_utils.py:186} INFO - Executing cmd: /tmp/venvkeka871o/bin/python /tmp/venv-callmkxlp_nl/script.py /tmp/venv-callmkxlp_nl/script.in /tmp/venv-callmkxlp_nl/script.out /tmp/venv-callmkxlp_nl/string_args.txt /tmp/venv-callmkxlp_nl/termination.log
[2025-05-06T04:54:35.310+0000] {process_utils.py:190} INFO - Output:
[2025-05-06T04:54:35.860+0000] {process_utils.py:194} INFO - Traceback (most recent call last):
[2025-05-06T04:54:35.860+0000] {process_utils.py:194} INFO -   File "/tmp/venv-callmkxlp_nl/script.py", line 32, in user_example
[2025-05-06T04:54:35.860+0000] {process_utils.py:194} INFO -     await api.create_sessions(ms_tokens=ms_tokens, num_sessions=1, sleep_after=3, browser=os.getenv("TIKTOK_BROWSER", "chromium"))
[2025-05-06T04:54:35.860+0000] {process_utils.py:194} INFO -   File "/tmp/venvkeka871o/lib/python3.10/site-packages/TikTokApi/tiktok.py", line 279, in create_sessions
[2025-05-06T04:54:35.860+0000] {process_utils.py:194} INFO -     self.browser = await self.playwright.chromium.launch(
[2025-05-06T04:54:35.860+0000] {process_utils.py:194} INFO -   File "/tmp/venvkeka871o/lib/python3.10/site-packages/playwright/async_api/_generated.py", line 14451, in launch
[2025-05-06T04:54:35.861+0000] {process_utils.py:194} INFO -     await self._impl_obj.launch(
[2025-05-06T04:54:35.861+0000] {process_utils.py:194} INFO -   File "/tmp/venvkeka871o/lib/python3.10/site-packages/playwright/_impl/_browser_type.py", line 97, in launch
[2025-05-06T04:54:35.861+0000] {process_utils.py:194} INFO -     Browser, from_channel(await self._channel.send("launch", params))
[2025-05-06T04:54:35.861+0000] {process_utils.py:194} INFO -   File "/tmp/venvkeka871o/lib/python3.10/site-packages/playwright/_impl/_connection.py", line 61, in send
[2025-05-06T04:54:35.861+0000] {process_utils.py:194} INFO -     return await self._connection.wrap_api_call(
[2025-05-06T04:54:35.861+0000] {process_utils.py:194} INFO -   File "/tmp/venvkeka871o/lib/python3.10/site-packages/playwright/_impl/_connection.py", line 528, in wrap_api_call
[2025-05-06T04:54:35.862+0000] {process_utils.py:194} INFO -     raise rewrite_error(error, f"{parsed_st['apiName']}: {error}") from None
[2025-05-06T04:54:35.862+0000] {process_utils.py:194} INFO - playwright._impl._errors.Error: BrowserType.launch: Executable doesn't exist at /home/airflow/.cache/ms-playwright/chromium-1169/chrome-linux/chrome
[2025-05-06T04:54:35.862+0000] {process_utils.py:194} INFO - ╔════════════════════════════════════════════════════════════╗
[2025-05-06T04:54:35.862+0000] {process_utils.py:194} INFO - ║ Looks like Playwright was just installed or updated.       ║
[2025-05-06T04:54:35.862+0000] {process_utils.py:194} INFO - ║ Please run the following command to download new browsers: ║
[2025-05-06T04:54:35.862+0000] {process_utils.py:194} INFO - ║                                                            ║
[2025-05-06T04:54:35.862+0000] {process_utils.py:194} INFO - ║     playwright install                                     ║
[2025-05-06T04:54:35.862+0000] {process_utils.py:194} INFO - ║                                                            ║
[2025-05-06T04:54:35.862+0000] {process_utils.py:194} INFO - ║ <3 Playwright Team                                         ║
[2025-05-06T04:54:35.862+0000] {process_utils.py:194} INFO - ╚════════════════════════════════════════════════════════════╝
[2025-05-06T04:54:35.862+0000] {process_utils.py:194} INFO - 
[2025-05-06T04:54:35.862+0000] {process_utils.py:194} INFO - During handling of the above exception, another exception occurred:
[2025-05-06T04:54:35.862+0000] {process_utils.py:194} INFO - 
[2025-05-06T04:54:35.863+0000] {process_utils.py:194} INFO - Traceback (most recent call last):
[2025-05-06T04:54:35.863+0000] {process_utils.py:194} INFO -   File "/tmp/venv-callmkxlp_nl/script.py", line 63, in <module>
[2025-05-06T04:54:35.863+0000] {process_utils.py:194} INFO -     res = tiktok_videos_scraper(*arg_dict["args"], **arg_dict["kwargs"])
[2025-05-06T04:54:35.863+0000] {process_utils.py:194} INFO -   File "/tmp/venv-callmkxlp_nl/script.py", line 45, in tiktok_videos_scraper
[2025-05-06T04:54:35.863+0000] {process_utils.py:194} INFO -     asyncio.run(user_example())
[2025-05-06T04:54:35.863+0000] {process_utils.py:194} INFO -   File "/usr/local/lib/python3.10/asyncio/runners.py", line 44, in run
[2025-05-06T04:54:35.863+0000] {process_utils.py:194} INFO -     return loop.run_until_complete(main)
[2025-05-06T04:54:35.863+0000] {process_utils.py:194} INFO -   File "/usr/local/lib/python3.10/asyncio/base_events.py", line 649, in run_until_complete
[2025-05-06T04:54:35.863+0000] {process_utils.py:194} INFO -     return future.result()
[2025-05-06T04:54:35.863+0000] {process_utils.py:194} INFO -   File "/tmp/venv-callmkxlp_nl/script.py", line 30, in user_example
[2025-05-06T04:54:35.863+0000] {process_utils.py:194} INFO -     async with TikTokApi() as api:
[2025-05-06T04:54:35.863+0000] {process_utils.py:194} INFO -   File "/tmp/venvkeka871o/lib/python3.10/site-packages/TikTokApi/tiktok.py", line 545, in __aexit__
[2025-05-06T04:54:35.863+0000] {process_utils.py:194} INFO -     await self.stop_playwright()
[2025-05-06T04:54:35.863+0000] {process_utils.py:194} INFO -   File "/tmp/venvkeka871o/lib/python3.10/site-packages/TikTokApi/tiktok.py", line 532, in stop_playwright
[2025-05-06T04:54:35.864+0000] {process_utils.py:194} INFO -     await self.browser.close()
[2025-05-06T04:54:35.864+0000] {process_utils.py:194} INFO - AttributeError: 'TikTokApi' object has no attribute 'browser'
[2025-05-06T04:54:35.945+0000] {taskinstance.py:3301} ERROR - Task failed with exception
Traceback (most recent call last):
  File "/home/airflow/.local/lib/python3.10/site-packages/airflow/models/taskinstance.py", line 767, in _execute_task
    result = _execute_callable(context=context, **execute_callable_kwargs)
  File "/home/airflow/.local/lib/python3.10/site-packages/airflow/models/taskinstance.py", line 733, in _execute_callable
    return ExecutionCallableRunner(
  File "/home/airflow/.local/lib/python3.10/site-packages/airflow/utils/operator_helpers.py", line 252, in run
    return self.func(*args, **kwargs)
  File "/home/airflow/.local/lib/python3.10/site-packages/airflow/models/baseoperator.py", line 406, in wrapper
    return func(self, *args, **kwargs)
  File "/home/airflow/.local/lib/python3.10/site-packages/airflow/decorators/base.py", line 266, in execute
    return_value = super().execute(context)
  File "/home/airflow/.local/lib/python3.10/site-packages/airflow/models/baseoperator.py", line 406, in wrapper
    return func(self, *args, **kwargs)
  File "/home/airflow/.local/lib/python3.10/site-packages/airflow/operators/python.py", line 505, in execute
    return super().execute(context=serializable_context)
  File "/home/airflow/.local/lib/python3.10/site-packages/airflow/models/baseoperator.py", line 406, in wrapper
    return func(self, *args, **kwargs)
  File "/home/airflow/.local/lib/python3.10/site-packages/airflow/operators/python.py", line 238, in execute
    return_value = self.execute_callable()
  File "/home/airflow/.local/lib/python3.10/site-packages/airflow/operators/python.py", line 870, in execute_callable
    result = self._execute_python_callable_in_subprocess(python_path)
  File "/home/airflow/.local/lib/python3.10/site-packages/airflow/operators/python.py", line 588, in _execute_python_callable_in_subprocess
    raise AirflowException(error_msg) from None
airflow.exceptions.AirflowException: Process returned non-zero exit status 1.
'TikTokApi' object has no attribute 'browser'
[2025-05-06T04:54:35.956+0000] {taskinstance.py:1225} INFO - Marking task as FAILED. dag_id=tiktok_videos_scraper_dag, task_id=virtualenv_python, run_id=manual__2025-05-06T04:54:29.192903+00:00, execution_date=20250506T045429, start_date=20250506T045430, end_date=20250506T045435
[2025-05-06T04:54:35.965+0000] {taskinstance.py:340} INFO - ::group::Post task execution logs
[2025-05-06T04:54:35.965+0000] {standard_task_runner.py:124} ERROR - Failed to execute job 4523 for task virtualenv_python (Process returned non-zero exit status 1.
'TikTokApi' object has no attribute 'browser'; 1839)
Traceback (most recent call last):
  File "/home/airflow/.local/lib/python3.10/site-packages/airflow/task/task_runner/standard_task_runner.py", line 117, in _start_by_fork
    ret = args.func(args, dag=self.dag)
  File "/home/airflow/.local/lib/python3.10/site-packages/airflow/cli/cli_config.py", line 49, in command
    return func(*args, **kwargs)
  File "/home/airflow/.local/lib/python3.10/site-packages/airflow/utils/cli.py", line 115, in wrapper
    return f(*args, **kwargs)
  File "/home/airflow/.local/lib/python3.10/site-packages/airflow/cli/commands/task_command.py", line 483, in task_run
    task_return_code = _run_task_by_selected_method(args, _dag, ti)
  File "/home/airflow/.local/lib/python3.10/site-packages/airflow/cli/commands/task_command.py", line 256, in _run_task_by_selected_method
    return _run_raw_task(args, ti)
  File "/home/airflow/.local/lib/python3.10/site-packages/airflow/cli/commands/task_command.py", line 341, in _run_raw_task
    return ti._run_raw_task(
  File "/home/airflow/.local/lib/python3.10/site-packages/airflow/utils/session.py", line 97, in wrapper
    return func(*args, session=session, **kwargs)
  File "/home/airflow/.local/lib/python3.10/site-packages/airflow/models/taskinstance.py", line 2995, in _run_raw_task
    return _run_raw_task(
  File "/home/airflow/.local/lib/python3.10/site-packages/airflow/models/taskinstance.py", line 273, in _run_raw_task
    TaskInstance._execute_task_with_callbacks(
  File "/home/airflow/.local/lib/python3.10/site-packages/airflow/models/taskinstance.py", line 3149, in _execute_task_with_callbacks
    result = self._execute_task(context, task_orig)
  File "/home/airflow/.local/lib/python3.10/site-packages/airflow/models/taskinstance.py", line 3173, in _execute_task
    return _execute_task(self, context, task_orig)
  File "/home/airflow/.local/lib/python3.10/site-packages/airflow/models/taskinstance.py", line 767, in _execute_task
    result = _execute_callable(context=context, **execute_callable_kwargs)
  File "/home/airflow/.local/lib/python3.10/site-packages/airflow/models/taskinstance.py", line 733, in _execute_callable
    return ExecutionCallableRunner(
  File "/home/airflow/.local/lib/python3.10/site-packages/airflow/utils/operator_helpers.py", line 252, in run
    return self.func(*args, **kwargs)
  File "/home/airflow/.local/lib/python3.10/site-packages/airflow/models/baseoperator.py", line 406, in wrapper
    return func(self, *args, **kwargs)
  File "/home/airflow/.local/lib/python3.10/site-packages/airflow/decorators/base.py", line 266, in execute
    return_value = super().execute(context)
  File "/home/airflow/.local/lib/python3.10/site-packages/airflow/models/baseoperator.py", line 406, in wrapper
    return func(self, *args, **kwargs)
  File "/home/airflow/.local/lib/python3.10/site-packages/airflow/operators/python.py", line 505, in execute
    return super().execute(context=serializable_context)
  File "/home/airflow/.local/lib/python3.10/site-packages/airflow/models/baseoperator.py", line 406, in wrapper
    return func(self, *args, **kwargs)
  File "/home/airflow/.local/lib/python3.10/site-packages/airflow/operators/python.py", line 238, in execute
    return_value = self.execute_callable()
  File "/home/airflow/.local/lib/python3.10/site-packages/airflow/operators/python.py", line 870, in execute_callable
    result = self._execute_python_callable_in_subprocess(python_path)
  File "/home/airflow/.local/lib/python3.10/site-packages/airflow/operators/python.py", line 588, in _execute_python_callable_in_subprocess
    raise AirflowException(error_msg) from None
airflow.exceptions.AirflowException: Process returned non-zero exit status 1.
'TikTokApi' object has no attribute 'browser'
[2025-05-06T04:54:35.974+0000] {local_task_job_runner.py:261} INFO - Task exited with return code 1
[2025-05-06T04:54:35.986+0000] {taskinstance.py:3891} INFO - 0 downstream tasks scheduled from follow-on schedule check
[2025-05-06T04:54:35.988+0000] {local_task_job_runner.py:240} INFO - ::endgroup::
