[2025-05-08T04:05:13.920+0000] {local_task_job_runner.py:123} INFO - ::group::Pre task execution logs
[2025-05-08T04:05:13.932+0000] {taskinstance.py:2603} INFO - Dependencies all met for dep_context=non-requeueable deps ti=<TaskInstance: instagram_videos_scraper_dag.ins_videos_scraper manual__2025-05-08T04:05:06.280708+00:00 [queued]>
[2025-05-08T04:05:13.937+0000] {taskinstance.py:2603} INFO - Dependencies all met for dep_context=requeueable deps ti=<TaskInstance: instagram_videos_scraper_dag.ins_videos_scraper manual__2025-05-08T04:05:06.280708+00:00 [queued]>
[2025-05-08T04:05:13.937+0000] {taskinstance.py:2856} INFO - Starting attempt 1 of 1
[2025-05-08T04:05:13.946+0000] {taskinstance.py:2879} INFO - Executing <Task(_PythonDecoratedOperator): ins_videos_scraper> on 2025-05-08 04:05:06.280708+00:00
[2025-05-08T04:05:13.949+0000] {standard_task_runner.py:72} INFO - Started process 973 to run task
[2025-05-08T04:05:13.952+0000] {standard_task_runner.py:104} INFO - Running: ['airflow', 'tasks', 'run', 'instagram_videos_scraper_dag', 'ins_videos_scraper', 'manual__2025-05-08T04:05:06.280708+00:00', '--job-id', '4932', '--raw', '--subdir', 'DAGS_FOLDER/pipeline.py', '--cfg-path', '/tmp/tmp0hh6opa0']
[2025-05-08T04:05:13.953+0000] {standard_task_runner.py:105} INFO - Job 4932: Subtask ins_videos_scraper
[2025-05-08T04:05:13.991+0000] {task_command.py:467} INFO - Running <TaskInstance: instagram_videos_scraper_dag.ins_videos_scraper manual__2025-05-08T04:05:06.280708+00:00 [running]> on host 2c71b1bd6896
[2025-05-08T04:05:14.059+0000] {taskinstance.py:3122} INFO - Exporting env vars: AIRFLOW_CTX_DAG_OWNER='airflow' AIRFLOW_CTX_DAG_ID='instagram_videos_scraper_dag' AIRFLOW_CTX_TASK_ID='ins_videos_scraper' AIRFLOW_CTX_EXECUTION_DATE='2025-05-08T04:05:06.280708+00:00' AIRFLOW_CTX_TRY_NUMBER='1' AIRFLOW_CTX_DAG_RUN_ID='manual__2025-05-08T04:05:06.280708+00:00'
[2025-05-08T04:05:14.059+0000] {taskinstance.py:731} INFO - ::endgroup::
[2025-05-08T04:05:14.092+0000] {selenium_manager.py:133} WARNING - The chromedriver version (136.0.7103.59) detected in PATH at /usr/bin/chromedriver might not be compatible with the detected chrome version (136.0.7103.92); currently, chromedriver 136.0.7103.92 is recommended for chrome 136.*, so it is advised to delete the driver in PATH and retry
[2025-05-08T04:09:47.317+0000] {taskinstance.py:3301} ERROR - Task failed with exception
Traceback (most recent call last):
  File "/home/airflow/.local/lib/python3.10/site-packages/airflow/models/taskinstance.py", line 767, in _execute_task
    result = _execute_callable(context=context, **execute_callable_kwargs)
  File "/home/airflow/.local/lib/python3.10/site-packages/airflow/models/taskinstance.py", line 733, in _execute_callable
    return ExecutionCallableRunner(
  File "/home/airflow/.local/lib/python3.10/site-packages/airflow/utils/operator_helpers.py", line 252, in run
    return self.func(*args, **kwargs)
  File "/home/airflow/.local/lib/python3.10/site-packages/airflow/models/baseoperator.py", line 406, in wrapper
    return func(self, *args, **kwargs)
  File "/home/airflow/.local/lib/python3.10/site-packages/airflow/decorators/base.py", line 266, in execute
    return_value = super().execute(context)
  File "/home/airflow/.local/lib/python3.10/site-packages/airflow/models/baseoperator.py", line 406, in wrapper
    return func(self, *args, **kwargs)
  File "/home/airflow/.local/lib/python3.10/site-packages/airflow/operators/python.py", line 238, in execute
    return_value = self.execute_callable()
  File "/home/airflow/.local/lib/python3.10/site-packages/airflow/operators/python.py", line 256, in execute_callable
    return runner.run(*self.op_args, **self.op_kwargs)
  File "/home/airflow/.local/lib/python3.10/site-packages/airflow/utils/operator_helpers.py", line 252, in run
    return self.func(*args, **kwargs)
  File "/opt/airflow/dags/tasks/insta_scraper.py", line 17, in ins_videos_scraper
    videos_scraper = AccountVideo(id)
  File "/opt/airflow/dags/utils/account_videos.py", line 19, in __init__
    super().__init__(user_id, base_url=f"https://www.facebook.com/{user_id}/videos")
  File "/opt/airflow/dags/utils/facebook_base.py", line 28, in __init__
    self._driver.get(self._base_url)
  File "/home/airflow/.local/lib/python3.10/site-packages/selenium/webdriver/remote/webdriver.py", line 354, in get
    self.execute(Command.GET, {"url": url})
  File "/home/airflow/.local/lib/python3.10/site-packages/selenium/webdriver/remote/webdriver.py", line 345, in execute
    self.error_handler.check_response(response)
  File "/home/airflow/.local/lib/python3.10/site-packages/selenium/webdriver/remote/errorhandler.py", line 229, in check_response
    raise exception_class(message, screen, stacktrace)
selenium.common.exceptions.TimeoutException: Message: timeout: Timed out receiving message from renderer: 300.000
  (Session info: chrome=136.0.7103.92)
Stacktrace:
#0 0x55b3ae690a8e <unknown>
#1 0x55b3ae14db0b <unknown>
#2 0x55b3ae139306 <unknown>
#3 0x55b3ae1390bc <unknown>
#4 0x55b3ae137608 <unknown>
#5 0x55b3ae137ab9 <unknown>
#6 0x55b3ae145160 <unknown>
#7 0x55b3ae15b4ff <unknown>
#8 0x55b3ae160a4b <unknown>
#9 0x55b3ae13802d <unknown>
#10 0x55b3ae15b2f7 <unknown>
#11 0x55b3ae1e2cf7 <unknown>
#12 0x55b3ae1c19b3 <unknown>
#13 0x55b3ae18bc59 <unknown>
#14 0x55b3ae18ca08 <unknown>
#15 0x55b3ae65d40a <unknown>
#16 0x55b3ae66085e <unknown>
#17 0x55b3ae660308 <unknown>
#18 0x55b3ae660ce5 <unknown>
#19 0x55b3ae646b7b <unknown>
#20 0x55b3ae661050 <unknown>
#21 0x55b3ae62fae9 <unknown>
#22 0x55b3ae67fdf5 <unknown>
#23 0x55b3ae67ffdb <unknown>
#24 0x55b3ae68fc05 <unknown>
#25 0x7f079c77d134 <unknown>

[2025-05-08T04:09:47.332+0000] {taskinstance.py:1225} INFO - Marking task as FAILED. dag_id=instagram_videos_scraper_dag, task_id=ins_videos_scraper, run_id=manual__2025-05-08T04:05:06.280708+00:00, execution_date=20250508T040506, start_date=20250508T040513, end_date=20250508T040947
[2025-05-08T04:09:47.359+0000] {taskinstance.py:340} INFO - ::group::Post task execution logs
[2025-05-08T04:09:47.360+0000] {standard_task_runner.py:124} ERROR - Failed to execute job 4932 for task ins_videos_scraper (Message: timeout: Timed out receiving message from renderer: 300.000
  (Session info: chrome=136.0.7103.92)
Stacktrace:
#0 0x55b3ae690a8e <unknown>
#1 0x55b3ae14db0b <unknown>
#2 0x55b3ae139306 <unknown>
#3 0x55b3ae1390bc <unknown>
#4 0x55b3ae137608 <unknown>
#5 0x55b3ae137ab9 <unknown>
#6 0x55b3ae145160 <unknown>
#7 0x55b3ae15b4ff <unknown>
#8 0x55b3ae160a4b <unknown>
#9 0x55b3ae13802d <unknown>
#10 0x55b3ae15b2f7 <unknown>
#11 0x55b3ae1e2cf7 <unknown>
#12 0x55b3ae1c19b3 <unknown>
#13 0x55b3ae18bc59 <unknown>
#14 0x55b3ae18ca08 <unknown>
#15 0x55b3ae65d40a <unknown>
#16 0x55b3ae66085e <unknown>
#17 0x55b3ae660308 <unknown>
#18 0x55b3ae660ce5 <unknown>
#19 0x55b3ae646b7b <unknown>
#20 0x55b3ae661050 <unknown>
#21 0x55b3ae62fae9 <unknown>
#22 0x55b3ae67fdf5 <unknown>
#23 0x55b3ae67ffdb <unknown>
#24 0x55b3ae68fc05 <unknown>
#25 0x7f079c77d134 <unknown>
; 973)
Traceback (most recent call last):
  File "/home/airflow/.local/lib/python3.10/site-packages/airflow/task/task_runner/standard_task_runner.py", line 117, in _start_by_fork
    ret = args.func(args, dag=self.dag)
  File "/home/airflow/.local/lib/python3.10/site-packages/airflow/cli/cli_config.py", line 49, in command
    return func(*args, **kwargs)
  File "/home/airflow/.local/lib/python3.10/site-packages/airflow/utils/cli.py", line 115, in wrapper
    return f(*args, **kwargs)
  File "/home/airflow/.local/lib/python3.10/site-packages/airflow/cli/commands/task_command.py", line 483, in task_run
    task_return_code = _run_task_by_selected_method(args, _dag, ti)
  File "/home/airflow/.local/lib/python3.10/site-packages/airflow/cli/commands/task_command.py", line 256, in _run_task_by_selected_method
    return _run_raw_task(args, ti)
  File "/home/airflow/.local/lib/python3.10/site-packages/airflow/cli/commands/task_command.py", line 341, in _run_raw_task
    return ti._run_raw_task(
  File "/home/airflow/.local/lib/python3.10/site-packages/airflow/utils/session.py", line 97, in wrapper
    return func(*args, session=session, **kwargs)
  File "/home/airflow/.local/lib/python3.10/site-packages/airflow/models/taskinstance.py", line 2995, in _run_raw_task
    return _run_raw_task(
  File "/home/airflow/.local/lib/python3.10/site-packages/airflow/models/taskinstance.py", line 273, in _run_raw_task
    TaskInstance._execute_task_with_callbacks(
  File "/home/airflow/.local/lib/python3.10/site-packages/airflow/models/taskinstance.py", line 3149, in _execute_task_with_callbacks
    result = self._execute_task(context, task_orig)
  File "/home/airflow/.local/lib/python3.10/site-packages/airflow/models/taskinstance.py", line 3173, in _execute_task
    return _execute_task(self, context, task_orig)
  File "/home/airflow/.local/lib/python3.10/site-packages/airflow/models/taskinstance.py", line 767, in _execute_task
    result = _execute_callable(context=context, **execute_callable_kwargs)
  File "/home/airflow/.local/lib/python3.10/site-packages/airflow/models/taskinstance.py", line 733, in _execute_callable
    return ExecutionCallableRunner(
  File "/home/airflow/.local/lib/python3.10/site-packages/airflow/utils/operator_helpers.py", line 252, in run
    return self.func(*args, **kwargs)
  File "/home/airflow/.local/lib/python3.10/site-packages/airflow/models/baseoperator.py", line 406, in wrapper
    return func(self, *args, **kwargs)
  File "/home/airflow/.local/lib/python3.10/site-packages/airflow/decorators/base.py", line 266, in execute
    return_value = super().execute(context)
  File "/home/airflow/.local/lib/python3.10/site-packages/airflow/models/baseoperator.py", line 406, in wrapper
    return func(self, *args, **kwargs)
  File "/home/airflow/.local/lib/python3.10/site-packages/airflow/operators/python.py", line 238, in execute
    return_value = self.execute_callable()
  File "/home/airflow/.local/lib/python3.10/site-packages/airflow/operators/python.py", line 256, in execute_callable
    return runner.run(*self.op_args, **self.op_kwargs)
  File "/home/airflow/.local/lib/python3.10/site-packages/airflow/utils/operator_helpers.py", line 252, in run
    return self.func(*args, **kwargs)
  File "/opt/airflow/dags/tasks/insta_scraper.py", line 17, in ins_videos_scraper
    videos_scraper = AccountVideo(id)
  File "/opt/airflow/dags/utils/account_videos.py", line 19, in __init__
    super().__init__(user_id, base_url=f"https://www.facebook.com/{user_id}/videos")
  File "/opt/airflow/dags/utils/facebook_base.py", line 28, in __init__
    self._driver.get(self._base_url)
  File "/home/airflow/.local/lib/python3.10/site-packages/selenium/webdriver/remote/webdriver.py", line 354, in get
    self.execute(Command.GET, {"url": url})
  File "/home/airflow/.local/lib/python3.10/site-packages/selenium/webdriver/remote/webdriver.py", line 345, in execute
    self.error_handler.check_response(response)
  File "/home/airflow/.local/lib/python3.10/site-packages/selenium/webdriver/remote/errorhandler.py", line 229, in check_response
    raise exception_class(message, screen, stacktrace)
selenium.common.exceptions.TimeoutException: Message: timeout: Timed out receiving message from renderer: 300.000
  (Session info: chrome=136.0.7103.92)
Stacktrace:
#0 0x55b3ae690a8e <unknown>
#1 0x55b3ae14db0b <unknown>
#2 0x55b3ae139306 <unknown>
#3 0x55b3ae1390bc <unknown>
#4 0x55b3ae137608 <unknown>
#5 0x55b3ae137ab9 <unknown>
#6 0x55b3ae145160 <unknown>
#7 0x55b3ae15b4ff <unknown>
#8 0x55b3ae160a4b <unknown>
#9 0x55b3ae13802d <unknown>
#10 0x55b3ae15b2f7 <unknown>
#11 0x55b3ae1e2cf7 <unknown>
#12 0x55b3ae1c19b3 <unknown>
#13 0x55b3ae18bc59 <unknown>
#14 0x55b3ae18ca08 <unknown>
#15 0x55b3ae65d40a <unknown>
#16 0x55b3ae66085e <unknown>
#17 0x55b3ae660308 <unknown>
#18 0x55b3ae660ce5 <unknown>
#19 0x55b3ae646b7b <unknown>
#20 0x55b3ae661050 <unknown>
#21 0x55b3ae62fae9 <unknown>
#22 0x55b3ae67fdf5 <unknown>
#23 0x55b3ae67ffdb <unknown>
#24 0x55b3ae68fc05 <unknown>
#25 0x7f079c77d134 <unknown>

[2025-05-08T04:09:47.389+0000] {local_task_job_runner.py:261} INFO - Task exited with return code 1
[2025-05-08T04:09:47.402+0000] {taskinstance.py:3891} INFO - 0 downstream tasks scheduled from follow-on schedule check
[2025-05-08T04:09:47.404+0000] {local_task_job_runner.py:240} INFO - ::endgroup::
